Arguments: 
  /usr/local/Cellar/node@8/8.15.1/bin/node /usr/local/Cellar/yarn/1.15.2/libexec/bin/yarn.js start

PATH: 
  /Users/davidsanderson/Library/Android/sdk/emulator:/Users/davidsanderson/Library/Android/sdk/tools:/Library/Frameworks/Python.framework/Versions/3.7/bin:/Users/davidsanderson/Library/Android/sdk/platform-tools:/Users/davidsanderson/Library/Android/sdk/tools/bin:/Users/davidsanderson/Library/Android/sdk/tools:/Users/davidsanderson/.composer/vendor/bin:/usr/local/bin:/usr/bin:/bin:/usr/sbin:/sbin

Yarn version: 
  1.15.2

Node version: 
  8.15.1

Platform: 
  darwin x64

Trace: 
  SyntaxError: /Users/davidsanderson/Desktop/My Projects/Recipes/package.json: Unexpected string in JSON at position 88
      at JSON.parse (<anonymous>)
      at /usr/local/Cellar/yarn/1.15.2/libexec/lib/cli.js:1625:59
      at Generator.next (<anonymous>)
      at step (/usr/local/Cellar/yarn/1.15.2/libexec/lib/cli.js:304:30)
      at /usr/local/Cellar/yarn/1.15.2/libexec/lib/cli.js:315:13
      at <anonymous>

npm manifest: 
  {
    "name": "Recipes",
    "version": "1.0.0",
    "main": "index.js",
    "license": "MIT"
    "scripts": {
      "start": "node ./index.js"     
  }
  }

yarn manifest: 
  No manifest

Lockfile: 
  No lockfile
